=== Job 861909 sur node19 Г  Tue Jun 23 23:02:28 CEST 2026 ===
mode=14 | labels=major | text_mode=last | image_dir=/home/infres/hhennion-25/data/Png
Tesla P100-PCIE-16GB, 16384 MiB
CUDA: True
=== python train.py --csv /home/infres/hhennion-25/MM-MIA/data/shared/dataset_labeled_major.csv --image_dir /home/infres/hhennion-25/data/Png --mode 14 --text_feature_mode last --norm pre ===
CSV     : /home/infres/hhennion-25/MM-MIA/data/shared/dataset_labeled_major.csv
Mode    : 14 | 6473 images | 14 labels
Labels  : ['Atelectasis', 'Cardiomegaly', 'Effusion', 'Infiltration', 'Mass', 'Nodule', 'Pneumonia', 'Pneumothorax', 'Consolidation', 'Edema', 'Emphysema', 'Fibrosis', 'Pleural_Thickening', 'Hernia']
Train   : 4536 | Val : 986 | Test : 951 (split groupГ© sans fuite)
Variante : norm=pre | reinject=False | text_dropout=0.0 вҶ’ ckpt 'qformer_14_last_pre'
в”Ҹв”Ғв”Ғв”Ғв”ів”Ғв”Ғв”Ғв”Ғв”Ғв”Ғв”Ғв”Ғв”Ғв”ів”Ғв”Ғв”Ғв”Ғв”Ғв”Ғв”Ғв”Ғв”Ғв”Ғв”Ғв”Ғв”Ғв”Ғв”Ғв”Ғв”ів”Ғв”Ғв”Ғв”Ғв”Ғв”Ғв”Ғв”Ғв”ів”Ғв”Ғв”Ғв”Ғв”Ғв”Ғв”Ғв”ів”Ғв”Ғв”Ғв”Ғв”Ғв”Ғв”Ғв”“
в”ғ   в”ғ Name    в”ғ Type           в”ғ Params в”ғ Mode  в”ғ FLOPs в”ғ
в”Ўв”Ғв”Ғв”Ғв•Үв”Ғв”Ғв”Ғв”Ғв”Ғв”Ғв”Ғв”Ғв”Ғв•Үв”Ғв”Ғв”Ғв”Ғв”Ғв”Ғв”Ғв”Ғв”Ғв”Ғв”Ғв”Ғв”Ғв”Ғв”Ғв”Ғв•Үв”Ғв”Ғв”Ғв”Ғв”Ғв”Ғв”Ғв”Ғв•Үв”Ғв”Ғв”Ғв”Ғв”Ғв”Ғв”Ғв•Үв”Ғв”Ғв”Ғв”Ғв”Ғв”Ғв”Ғв”©
в”Ӯ 0 в”Ӯ model   в”Ӯ FusionQFormer  в”Ӯ  223 M в”Ӯ train в”Ӯ     0 в”Ӯ
в”Ӯ 1 в”Ӯ loss_fn в”Ӯ AsymmetricLoss в”Ӯ      0 в”Ӯ train в”Ӯ     0 в”Ӯ
в””в”Җв”Җв”Җв”ҙв”Җв”Җв”Җв”Җв”Җв”Җв”Җв”Җв”Җв”ҙв”Җв”Җв”Җв”Җв”Җв”Җв”Җв”Җв”Җв”Җв”Җв”Җв”Җв”Җв”Җв”Җв”ҙв”Җв”Җв”Җв”Җв”Җв”Җв”Җв”Җв”ҙв”Җв”Җв”Җв”Җв”Җв”Җв”Җв”ҙв”Җв”Җв”Җв”Җв”Җв”Җв”Җв”ҳ
Trainable params: 28.4 M                                                        
Non-trainable params: 195 M                                                     
Total params: 223 M                                                             
Total estimated model params size (MB): 895                                     
Modules in train mode: 41                                                       
Modules in eval mode: 449                                                       
Total FLOPs: 0                                                                  
  Epoch 1: 28,378,382 trainable params
  Epoch  1 | train_loss=nan | val_loss=0.0100 | val_auc=0.9620
  Epoch 2: 28,378,382 trainable params
  Epoch  2 | train_loss=0.0166 | val_loss=0.0059 | val_auc=0.9848
  Epoch 3: 28,378,382 trainable params
  Epoch  3 | train_loss=0.0064 | val_loss=0.0061 | val_auc=0.9871
  Epoch 4: 28,378,382 trainable params
  Epoch  4 | train_loss=0.0043 | val_loss=0.0071 | val_auc=0.9880
  Epoch 5: 28,378,382 trainable params
  Epoch  5 | train_loss=0.0030 | val_loss=0.0067 | val_auc=0.9929
  Epoch 6: 28,378,382 trainable params
  Epoch  6 | train_loss=0.0023 | val_loss=0.0078 | val_auc=0.9889
  Epoch 7: 28,378,382 trainable params
  Epoch  7 | train_loss=0.0016 | val_loss=0.0108 | val_auc=0.9793
  Epoch 8: 28,378,382 trainable params
  Epoch  8 | train_loss=0.0012 | val_loss=0.0112 | val_auc=0.9836
  Epoch 9: 28,378,382 trainable params
  Epoch  9 | train_loss=0.0006 | val_loss=0.0105 | val_auc=0.9853
  Epoch 10: 28,378,382 trainable params
  Epoch 10 | train_loss=0.0006 | val_loss=0.0101 | val_auc=0.9845
  Epoch 11: 28,378,382 trainable params
  Epoch 11 | train_loss=0.0005 | val_loss=0.0123 | val_auc=0.9649
  Epoch 12: 28,378,382 trainable params
  Epoch 12 | train_loss=0.0003 | val_loss=0.0116 | val_auc=0.9813

====================================================
  Q-Former [14|last] вҖ” TEST вҖ” seuil=0.50
====================================================
  F1 macro  : 0.7397
  F1 micro  : 0.8111
  AUC macro : 0.9836
  AUC micro : 0.9870
  Hamming   : 0.0113

-- AUC par label --
  Mass                   1.0000  ####################
  Pneumothorax           1.0000  ####################
  Fibrosis               1.0000  ####################
  Pleural_Thickening     0.9989  ###################
  Cardiomegaly           0.9978  ###################
  Effusion               0.9944  ###################
  Nodule                 0.9933  ###################
  Infiltration           0.9924  ###################
  Emphysema              0.9904  ###################
  Hernia                 0.9845  ###################
  Atelectasis            0.9836  ###################
  Edema                  0.9751  ###################
  Consolidation          0.9361  ##################
  Pneumonia              0.9236  ##################

=> Checkpoint : /home/infres/hhennion-25/MM-MIA/src/mmmia/multimodal_fusion/architecture_3/checkpoints/qformer_14_last_pre.ckpt
=== TerminГ© Г  Wed Jun 24 00:23:47 CEST 2026 вҖ” checkpoint dans /home/infres/hhennion-25/MM-MIA/src/mmmia/multimodal_fusion/architecture_3/checkpoints/ ===
