[rank: 0] Seed set to 42
Loading weights:   0%|          | 0/208 [00:00<?, ?it/s]Loading weights:  17%|█▋        | 35/208 [00:00<00:00, 296.19it/s]Loading weights:  37%|███▋      | 76/208 [00:00<00:00, 356.47it/s]Loading weights: 100%|██████████| 208/208 [00:00<00:00, 806.03it/s]
[1mCXRBertModel LOAD REPORT[0m from: microsoft/BiomedVLP-CXR-BERT-specialized
Key                          | Status     |  | 
-----------------------------+------------+--+-
bert.embeddings.position_ids | UNEXPECTED |  | 

Notes:
- UNEXPECTED:	can be ignored when loading from different task/architecture; not ok if you expect identical arch.
Loading weights:   0%|          | 0/198 [00:00<?, ?it/s]Loading weights:  40%|████      | 80/198 [00:00<00:00, 696.86it/s]Loading weights:  76%|███████▌  | 150/198 [00:00<00:00, 586.19it/s]Loading weights: 100%|██████████| 198/198 [00:00<00:00, 698.65it/s]
[1mViTModel LOAD REPORT[0m from: codewithdark/vit-chest-xray
Key               | Status     |  | 
------------------+------------+--+-
classifier.bias   | UNEXPECTED |  | 
classifier.weight | UNEXPECTED |  | 

Notes:
- UNEXPECTED:	can be ignored when loading from different task/architecture; not ok if you expect identical arch.
GPU available: True (cuda), used: True
TPU available: False, using: 0 TPU cores
💡 Tip: For seamless cloud logging and experiment tracking, try installing [litlogger](https://pypi.org/project/litlogger/) to enable LitLogger, which logs metrics and artifacts automatically to the Lightning Experiments platform.
/home/infres/hhennion-25/envs/artishow/lib64/python3.12/site-packages/pytorch_lightning/callbacks/model_checkpoint.py:881: Checkpoint directory /home/infres/hhennion-25/MM-MIA/src/mmmia/multimodal_fusion/architecture_3/checkpoints exists and is not empty.
LOCAL_RANK: 0 - CUDA_VISIBLE_DEVICES: [0]
SLURM auto-requeueing enabled. Setting signal handlers.
/home/infres/hhennion-25/envs/artishow/lib64/python3.12/site-packages/pytorch_lightning/loops/fit_loop.py:534: Found 449 module(s) in eval mode at the start of training. This may lead to unexpected behavior during training. If this is intentional, you can ignore this warning.
slurmstepd: error: *** JOB 862466 ON node16 CANCELLED AT 2026-06-24T15:10:34 ***
