=== Job 862616 sur node16 à Wed Jun 24 15:24:18 CEST 2026 ===
mode=14 | labels=major | text_mode=last | image_dir=/home/infres/hhennion-25/data/Png
Tesla P100-PCIE-16GB, 16384 MiB
CUDA: True
=== python train.py --csv /home/infres/hhennion-25/MM-MIA/data/shared/dataset_labeled_major.csv --image_dir /home/infres/hhennion-25/data/Png --mode 14 --text_feature_mode last --norm pre --attn_pooled_head ===
CSV     : /home/infres/hhennion-25/MM-MIA/data/shared/dataset_labeled_major.csv
Mode    : 14 | 6473 images | 14 labels
Labels  : ['Atelectasis', 'Cardiomegaly', 'Effusion', 'Infiltration', 'Mass', 'Nodule', 'Pneumonia', 'Pneumothorax', 'Consolidation', 'Edema', 'Emphysema', 'Fibrosis', 'Pleural_Thickening', 'Hernia']
Train   : 4536 | Val : 986 | Test : 951 (split groupé sans fuite)
Variante : norm=pre | radio_only=False | attn_pooled_head=True | text_dropout=0.0 → ckpt 'qformer_14_last_pre_apool'
┏━━━┳━━━━━━━━━┳━━━━━━━━━━━━━━━━┳━━━━━━━━┳━━━━━━━┳━━━━━━━┓
┃   ┃ Name    ┃ Type           ┃ Params ┃ Mode  ┃ FLOPs ┃
┡━━━╇━━━━━━━━━╇━━━━━━━━━━━━━━━━╇━━━━━━━━╇━━━━━━━╇━━━━━━━┩
│ 0 │ model   │ FusionQFormer  │  226 M │ train │     0 │
│ 1 │ loss_fn │ AsymmetricLoss │      0 │ train │     0 │
└───┴─────────┴────────────────┴────────┴───────┴───────┘
Trainable params: 30.7 M                                                        
Non-trainable params: 195 M                                                     
Total params: 226 M                                                             
Total estimated model params size (MB): 904                                     
Modules in train mode: 43                                                       
Modules in eval mode: 449                                                       
Total FLOPs: 0                                                                  
  Epoch 1: 30,740,750 trainable params
  Epoch  1 | train_loss=nan | val_loss=0.0129 | val_auc=0.8252
  Epoch 2: 30,740,750 trainable params
  Epoch  2 | train_loss=0.0167 | val_loss=0.0098 | val_auc=0.8972
  Epoch 3: 30,740,750 trainable params
  Epoch  3 | train_loss=0.0117 | val_loss=0.0105 | val_auc=0.8919
  Epoch 4: 30,740,750 trainable params
  Epoch  4 | train_loss=0.0103 | val_loss=0.0091 | val_auc=0.9128
  Epoch 5: 30,740,750 trainable params
  Epoch  5 | train_loss=0.0092 | val_loss=0.0094 | val_auc=0.9117
  Epoch 6: 30,740,750 trainable params
  Epoch  6 | train_loss=0.0092 | val_loss=0.0105 | val_auc=0.8843
  Epoch 7: 30,740,750 trainable params
  Epoch  7 | train_loss=0.0084 | val_loss=0.0088 | val_auc=0.9242
  Epoch 8: 30,740,750 trainable params
  Epoch  8 | train_loss=0.0075 | val_loss=0.0130 | val_auc=0.8608
  Epoch 9: 30,740,750 trainable params
  Epoch  9 | train_loss=0.0087 | val_loss=0.0112 | val_auc=0.9040
  Epoch 10: 30,740,750 trainable params
  Epoch 10 | train_loss=0.0101 | val_loss=0.0092 | val_auc=0.8909
  Epoch 11: 30,740,750 trainable params
  Epoch 11 | train_loss=0.0085 | val_loss=0.0082 | val_auc=0.9297
  Epoch 12: 30,740,750 trainable params
  Epoch 12 | train_loss=0.0064 | val_loss=0.0091 | val_auc=0.8972
  Epoch 13: 30,740,750 trainable params
  Epoch 13 | train_loss=0.0061 | val_loss=0.0082 | val_auc=0.9240
  Epoch 14: 30,740,750 trainable params
  Epoch 14 | train_loss=0.0055 | val_loss=0.0091 | val_auc=0.9243
  Epoch 15: 30,740,750 trainable params
  Epoch 15 | train_loss=0.0049 | val_loss=0.0082 | val_auc=0.9344
  Epoch 16: 30,740,750 trainable params
  Epoch 16 | train_loss=0.0045 | val_loss=0.0092 | val_auc=0.9161
  Epoch 17: 30,740,750 trainable params
  Epoch 17 | train_loss=0.0043 | val_loss=0.0100 | val_auc=0.9121
  Epoch 18: 30,740,750 trainable params
  Epoch 18 | train_loss=0.0040 | val_loss=0.0096 | val_auc=0.9207
  Epoch 19: 30,740,750 trainable params
  Epoch 19 | train_loss=0.0037 | val_loss=0.0086 | val_auc=0.9290
  Epoch 20: 30,740,750 trainable params
  Epoch 20 | train_loss=0.0033 | val_loss=0.0099 | val_auc=0.9171
  Epoch 21: 30,740,750 trainable params
  Epoch 21 | train_loss=0.0032 | val_loss=0.0086 | val_auc=0.9359
  Epoch 22: 30,740,750 trainable params
  Epoch 22 | train_loss=0.0030 | val_loss=0.0089 | val_auc=0.9304
  Epoch 23: 30,740,750 trainable params
  Epoch 23 | train_loss=0.0027 | val_loss=0.0097 | val_auc=0.9350
  Epoch 24: 30,740,750 trainable params
  Epoch 24 | train_loss=0.0024 | val_loss=0.0101 | val_auc=0.9315
  Epoch 25: 30,740,750 trainable params
  Epoch 25 | train_loss=0.0023 | val_loss=0.0101 | val_auc=0.9359
  Epoch 26: 30,740,750 trainable params
  Epoch 26 | train_loss=0.0021 | val_loss=0.0108 | val_auc=0.9352
  Epoch 27: 30,740,750 trainable params
  Epoch 27 | train_loss=0.0020 | val_loss=0.0104 | val_auc=0.9348
  Epoch 28: 30,740,750 trainable params
  Epoch 28 | train_loss=0.0019 | val_loss=0.0109 | val_auc=0.9332
  Epoch 29: 30,740,750 trainable params
  Epoch 29 | train_loss=0.0019 | val_loss=0.0109 | val_auc=0.9340
  Epoch 30: 30,740,750 trainable params
  Epoch 30 | train_loss=0.0019 | val_loss=0.0109 | val_auc=0.9335

====================================================
  Q-Former [14|last] — TEST — seuil=0.35
====================================================
  F1 macro  : 0.4878
  F1 micro  : 0.6074
  AUC macro : 0.9246
  AUC micro : 0.9535
  Hamming   : 0.0295

-- AUC par label --
  Mass                   1.0000  ####################
  Cardiomegaly           0.9979  ###################
  Effusion               0.9956  ###################
  Fibrosis               0.9842  ###################
  Atelectasis            0.9713  ###################
  Edema                  0.9603  ###################
  Pneumothorax           0.9578  ###################
  Hernia                 0.9502  ###################
  Emphysema              0.9348  ##################
  Nodule                 0.9281  ##################
  Infiltration           0.9126  ##################
  Pneumonia              0.8226  ################
  Consolidation          0.7784  ###############
  Pleural_Thickening     0.7500  ##############

=> Checkpoint : /home/infres/hhennion-25/MM-MIA/src/mmmia/multimodal_fusion/architecture_3/checkpoints/qformer_14_last_pre_apool.ckpt
=== Terminé à Wed Jun 24 18:42:09 CEST 2026 — checkpoint dans /home/infres/hhennion-25/MM-MIA/src/mmmia/multimodal_fusion/architecture_3/checkpoints/ ===
