=== Job 862466 sur node16 à Wed Jun 24 14:14:41 CEST 2026 ===
mode=14 | labels=major | text_mode=last | image_dir=/home/infres/hhennion-25/data/Png
Tesla P100-PCIE-16GB, 16384 MiB
CUDA: True
=== python train.py --csv /home/infres/hhennion-25/MM-MIA/data/shared/dataset_labeled_major.csv --image_dir /home/infres/hhennion-25/data/Png --mode 14 --text_feature_mode last --norm pre --radio_only ===
CSV     : /home/infres/hhennion-25/MM-MIA/data/shared/dataset_labeled_major.csv
Mode    : 14 | 6473 images | 14 labels
Labels  : ['Atelectasis', 'Cardiomegaly', 'Effusion', 'Infiltration', 'Mass', 'Nodule', 'Pneumonia', 'Pneumothorax', 'Consolidation', 'Edema', 'Emphysema', 'Fibrosis', 'Pleural_Thickening', 'Hernia']
Train   : 4536 | Val : 986 | Test : 951 (split groupé sans fuite)
Variante : norm=pre | radio_only=True | text_dropout=0.0 → ckpt 'qformer_14_last_pre_radio'
┏━━━┳━━━━━━━━━┳━━━━━━━━━━━━━━━━┳━━━━━━━━┳━━━━━━━┳━━━━━━━┓
┃   ┃ Name    ┃ Type           ┃ Params ┃ Mode  ┃ FLOPs ┃
┡━━━╇━━━━━━━━━╇━━━━━━━━━━━━━━━━╇━━━━━━━━╇━━━━━━━╇━━━━━━━┩
│ 0 │ model   │ FusionQFormer  │  223 M │ train │     0 │
│ 1 │ loss_fn │ AsymmetricLoss │      0 │ train │     0 │
└───┴─────────┴────────────────┴────────┴───────┴───────┘
Trainable params: 28.4 M                                                        
Non-trainable params: 195 M                                                     
Total params: 223 M                                                             
Total estimated model params size (MB): 895                                     
Modules in train mode: 41                                                       
Modules in eval mode: 449                                                       
Total FLOPs: 0                                                                  
  Epoch 1: 28,378,382 trainable params
  Epoch  1 | train_loss=nan | val_loss=0.0192 | val_auc=0.7003
  Epoch 2: 28,378,382 trainable params
  Epoch  2 | train_loss=0.0207 | val_loss=0.0161 | val_auc=0.7301
  Epoch 3: 28,378,382 trainable params
  Epoch  3 | train_loss=0.0172 | val_loss=0.0169 | val_auc=0.7506
  Epoch 4: 28,378,382 trainable params
  Epoch  4 | train_loss=0.0164 | val_loss=0.0173 | val_auc=0.7505
  Epoch 5: 28,378,382 trainable params
  Epoch  5 | train_loss=0.0163 | val_loss=0.0165 | val_auc=0.7543
  Epoch 6: 28,378,382 trainable params
  Epoch  6 | train_loss=0.0157 | val_loss=0.0159 | val_auc=0.7556
  Epoch 7: 28,378,382 trainable params
  Epoch  7 | train_loss=0.0154 | val_loss=0.0162 | val_auc=0.7691
  Epoch 8: 28,378,382 trainable params
  Epoch  8 | train_loss=0.0153 | val_loss=0.0175 | val_auc=0.7580
  Epoch 9: 28,378,382 trainable params
  Epoch  9 | train_loss=0.0149 | val_loss=0.0172 | val_auc=0.7285
  Epoch 10: 28,378,382 trainable params
